<?xml version="1.0" encoding="UTF-8"?>
<!-- Generated by org.testng.reporters.JUnitXMLReporter -->
<testsuite ignored="0" hostname="Hp" failures="0" tests="3" name="Default test" time="9.384" errors="0" timestamp="2022-09-08T12:21:13 GMT+02:00">
  <testcase classname="tests.testRegister" name="RegisterOk" time="1.219"/>
  <testcase classname="tests.testRegister" name="RegisterPassDifferent" time="0.761"/>
  <testcase classname="tests.testRegister" name="RegisterUserExist" time="0.701"/>
</testsuite> <!-- Default test -->
