<?xml version="1.0" encoding="UTF-8"?>
<!-- Generated by org.testng.reporters.JUnitXMLReporter -->
<testsuite ignored="5" hostname="Hp" failures="0" tests="15" name="Test" time="39.373" errors="0" timestamp="2022-09-08T13:06:18 GMT+02:00">
  <testcase classname="tests.testRegister" name="RegisterEmptyUser" time="0.771"/>
  <testcase classname="tests.testRegister" name="RegisterPassDifferent" time="0.746"/>
  <testcase classname="tests.testRegister" name="RegisterUserExist" time="0.699"/>
  <testcase classname="tests.testRegister" name="RegisterOk" time="1.127"/>
  <testcase classname="tests.testLogin" name="EmptyFields" time="0.587"/>
  <testcase classname="tests.testLogin" name="UserNameEmpty" time="0.651"/>
  <testcase classname="tests.testLogin" name="PasswordEmpty" time="0.675"/>
  <testcase classname="tests.testLogin" name="WrongPassword" time="0.674"/>
  <testcase classname="tests.testLogin" name="UserNotExist" time="0.756"/>
  <testcase classname="tests.testLogin" name="WrongFormat" time="0.657"/>
  <testcase classname="tests.testLogin" name="CorrectLogin" time="0.69"/>
  <testcase classname="tests.testLogout" name="LogoutFromMain" time="1.339"/>
  <testcase classname="tests.testLogout" name="LogoutFromList" time="1.5"/>
  <testcase classname="tests.testLogout" name="LogoutFromEdit" time="1.406"/>
  <testcase classname="tests.testLogout" name="LogoutFromView" time="1.553"/>
  <testcase classname="tests.testRegister" name="RegisterEmptyFields" time="0.0">
    <ignored/>
  </testcase> <!-- RegisterEmptyFields -->
  <testcase classname="tests.testRegister" name="RegisterSqlInjection2" time="0.0">
    <ignored/>
  </testcase> <!-- RegisterSqlInjection2 -->
  <testcase classname="tests.testLogin" name="SqlInjection2" time="0.0">
    <ignored/>
  </testcase> <!-- SqlInjection2 -->
  <testcase classname="tests.testRegister" name="RegisterSqlInjection1" time="0.0">
    <ignored/>
  </testcase> <!-- RegisterSqlInjection1 -->
  <testcase classname="tests.testLogin" name="SqlInjection1" time="0.0">
    <ignored/>
  </testcase> <!-- SqlInjection1 -->
</testsuite> <!-- Test -->
