<?xml version="1.0" encoding="UTF-8"?>
<testng-results ignored="1" total="14" passed="9" failed="4" skipped="0">
  <reporter-output>
  </reporter-output>
  <suite started-at="2022-09-08T10:32:46 GMT+02:00" name="SmokeTests" finished-at="2022-09-08T10:33:42 GMT+02:00" duration-ms="55989">
    <groups>
    </groups>
    <test started-at="2022-09-08T10:32:46 GMT+02:00" name="Test" finished-at="2022-09-08T10:33:42 GMT+02:00" duration-ms="55989">
      <class name="tests.testLogout">
        <test-method is-config="true" signature="setup()[pri:0, instance:tests.testLogout@294425a7]" started-at="2022-09-08T10:32:49 GMT+02:00" name="setup" finished-at="2022-09-08T10:32:50 GMT+02:00" duration-ms="1141" status="PASS">
          <reporter-output>
          </reporter-output>
        </test-method> <!-- setup -->
        <test-method signature="LogoutFromMain()[pri:0, instance:tests.testLogout@294425a7]" started-at="2022-09-08T10:33:00 GMT+02:00" name="LogoutFromMain" finished-at="2022-09-08T10:33:10 GMT+02:00" duration-ms="10474" status="FAIL">
          <exception class="org.openqa.selenium.WebDriverException">
            <message>
              <![CDATA[chrome not reachable
  (Session info: chrome=105.0.5195.102)
Build info: version: '4.4.0', revision: 'e5c75ed026a'
System info: host: 'HP', ip: '172.16.88.183', os.name: 'Windows 11', os.arch: 'amd64', os.version: '10.0', java.version: '18.0.2.1'
Driver info: org.openqa.selenium.chrome.ChromeDriver
Command: [2d5e74c43a248b8cdd713bb4b9070f9e, get {url=http://localhost:8080/prisijungti?logout}]
Capabilities {acceptInsecureCerts: false, browserName: chrome, browserVersion: 105.0.5195.102, chrome: {chromedriverVersion: 105.0.5195.52 (412c95e51883..., userDataDir: C:\Users\Olga\AppData\Local...}, goog:chromeOptions: {debuggerAddress: localhost:52939}, networkConnectionEnabled: false, pageLoadStrategy: normal, platformName: WINDOWS, proxy: Proxy(), se:cdp: ws://localhost:52939/devtoo..., se:cdpVersion: 105.0.5195.102, setWindowRect: true, strictFileInteractability: false, timeouts: {implicit: 0, pageLoad: 300000, script: 30000}, unhandledPromptBehavior: dismiss and notify, webauthn:extension:credBlob: true, webauthn:extension:largeBlob: true, webauthn:virtualAuthenticators: true}
Session ID: 2d5e74c43a248b8cdd713bb4b9070f9e]]>
            </message>
            <full-stacktrace>
              <![CDATA[org.openqa.selenium.WebDriverException: chrome not reachable
  (Session info: chrome=105.0.5195.102)
Build info: version: '4.4.0', revision: 'e5c75ed026a'
System info: host: 'HP', ip: '172.16.88.183', os.name: 'Windows 11', os.arch: 'amd64', os.version: '10.0', java.version: '18.0.2.1'
Driver info: org.openqa.selenium.chrome.ChromeDriver
Command: [2d5e74c43a248b8cdd713bb4b9070f9e, get {url=http://localhost:8080/prisijungti?logout}]
Capabilities {acceptInsecureCerts: false, browserName: chrome, browserVersion: 105.0.5195.102, chrome: {chromedriverVersion: 105.0.5195.52 (412c95e51883..., userDataDir: C:\Users\Olga\AppData\Local...}, goog:chromeOptions: {debuggerAddress: localhost:52939}, networkConnectionEnabled: false, pageLoadStrategy: normal, platformName: WINDOWS, proxy: Proxy(), se:cdp: ws://localhost:52939/devtoo..., se:cdpVersion: 105.0.5195.102, setWindowRect: true, strictFileInteractability: false, timeouts: {implicit: 0, pageLoad: 300000, script: 30000}, unhandledPromptBehavior: dismiss and notify, webauthn:extension:credBlob: true, webauthn:extension:largeBlob: true, webauthn:virtualAuthenticators: true}
Session ID: 2d5e74c43a248b8cdd713bb4b9070f9e
at java.base/jdk.internal.reflect.DirectConstructorHandleAccessor.newInstance(DirectConstructorHandleAccessor.java:67)
at java.base/java.lang.reflect.Constructor.newInstanceWithCaller(Constructor.java:499)
at java.base/java.lang.reflect.Constructor.newInstance(Constructor.java:483)
at org.openqa.selenium.remote.codec.w3c.W3CHttpResponseCodec.createException(W3CHttpResponseCodec.java:200)
at org.openqa.selenium.remote.codec.w3c.W3CHttpResponseCodec.decode(W3CHttpResponseCodec.java:133)
at org.openqa.selenium.remote.codec.w3c.W3CHttpResponseCodec.decode(W3CHttpResponseCodec.java:53)
at org.openqa.selenium.remote.HttpCommandExecutor.execute(HttpCommandExecutor.java:184)
at org.openqa.selenium.remote.service.DriverCommandExecutor.invokeExecute(DriverCommandExecutor.java:167)
at org.openqa.selenium.remote.service.DriverCommandExecutor.execute(DriverCommandExecutor.java:142)
at org.openqa.selenium.remote.RemoteWebDriver.execute(RemoteWebDriver.java:547)
at org.openqa.selenium.remote.RemoteWebDriver.get(RemoteWebDriver.java:310)
at org.openqa.selenium.remote.RemoteWebDriver$RemoteNavigation.to(RemoteWebDriver.java:1031)
at tests.testLogout.logout(testLogout.java:41)
at tests.testLogout.LogoutFromMain(testLogout.java:76)
at java.base/jdk.internal.reflect.DirectMethodHandleAccessor.invoke(DirectMethodHandleAccessor.java:104)
at java.base/java.lang.reflect.Method.invoke(Method.java:577)
at org.testng.internal.invokers.MethodInvocationHelper.invokeMethod(MethodInvocationHelper.java:139)
at org.testng.internal.invokers.TestInvoker.invokeMethod(TestInvoker.java:677)
at org.testng.internal.invokers.TestInvoker.invokeTestMethod(TestInvoker.java:221)
at org.testng.internal.invokers.MethodRunner.runInSequence(MethodRunner.java:50)
at org.testng.internal.invokers.TestInvoker$MethodInvocationAgent.invoke(TestInvoker.java:962)
at org.testng.internal.invokers.TestInvoker.invokeTestMethods(TestInvoker.java:194)
at org.testng.internal.invokers.TestMethodWorker.invokeTestMethods(TestMethodWorker.java:148)
at org.testng.internal.invokers.TestMethodWorker.run(TestMethodWorker.java:128)
at java.base/java.util.ArrayList.forEach(ArrayList.java:1511)
at org.testng.TestRunner.privateRun(TestRunner.java:806)
at org.testng.TestRunner.run(TestRunner.java:601)
at org.testng.SuiteRunner.runTest(SuiteRunner.java:433)
at org.testng.SuiteRunner.runSequentially(SuiteRunner.java:427)
at org.testng.SuiteRunner.privateRun(SuiteRunner.java:387)
at org.testng.SuiteRunner.run(SuiteRunner.java:330)
at org.testng.SuiteRunnerWorker.runSuite(SuiteRunnerWorker.java:52)
at org.testng.SuiteRunnerWorker.run(SuiteRunnerWorker.java:95)
at org.testng.TestNG.runSuitesSequentially(TestNG.java:1256)
at org.testng.TestNG.runSuitesLocally(TestNG.java:1176)
at org.testng.TestNG.runSuites(TestNG.java:1099)
at org.testng.TestNG.run(TestNG.java:1067)
at org.apache.maven.surefire.testng.TestNGExecutor.run(TestNGExecutor.java:324)
at org.apache.maven.surefire.testng.TestNGXmlTestSuite.execute(TestNGXmlTestSuite.java:74)
at org.apache.maven.surefire.testng.TestNGProvider.invoke(TestNGProvider.java:123)
at org.apache.maven.surefire.booter.ForkedBooter.runSuitesInProcess(ForkedBooter.java:456)
at org.apache.maven.surefire.booter.ForkedBooter.execute(ForkedBooter.java:169)
at org.apache.maven.surefire.booter.ForkedBooter.run(ForkedBooter.java:595)
at org.apache.maven.surefire.booter.ForkedBooter.main(ForkedBooter.java:581)
]]>
            </full-stacktrace>
          </exception> <!-- org.openqa.selenium.WebDriverException -->
          <reporter-output>
          </reporter-output>
        </test-method> <!-- LogoutFromMain -->
        <test-method signature="LogoutFromList()[pri:0, instance:tests.testLogout@294425a7]" started-at="2022-09-08T10:33:10 GMT+02:00" name="LogoutFromList" finished-at="2022-09-08T10:33:21 GMT+02:00" duration-ms="10474" status="FAIL">
          <exception class="org.openqa.selenium.WebDriverException">
            <message>
              <![CDATA[chrome not reachable
  (Session info: chrome=105.0.5195.102)
Build info: version: '4.4.0', revision: 'e5c75ed026a'
System info: host: 'HP', ip: '172.16.88.183', os.name: 'Windows 11', os.arch: 'amd64', os.version: '10.0', java.version: '18.0.2.1'
Driver info: org.openqa.selenium.chrome.ChromeDriver
Command: [2d5e74c43a248b8cdd713bb4b9070f9e, get {url=http://localhost:8080/prisijungti?logout}]
Capabilities {acceptInsecureCerts: false, browserName: chrome, browserVersion: 105.0.5195.102, chrome: {chromedriverVersion: 105.0.5195.52 (412c95e51883..., userDataDir: C:\Users\Olga\AppData\Local...}, goog:chromeOptions: {debuggerAddress: localhost:52939}, networkConnectionEnabled: false, pageLoadStrategy: normal, platformName: WINDOWS, proxy: Proxy(), se:cdp: ws://localhost:52939/devtoo..., se:cdpVersion: 105.0.5195.102, setWindowRect: true, strictFileInteractability: false, timeouts: {implicit: 0, pageLoad: 300000, script: 30000}, unhandledPromptBehavior: dismiss and notify, webauthn:extension:credBlob: true, webauthn:extension:largeBlob: true, webauthn:virtualAuthenticators: true}
Session ID: 2d5e74c43a248b8cdd713bb4b9070f9e]]>
            </message>
            <full-stacktrace>
              <![CDATA[org.openqa.selenium.WebDriverException: chrome not reachable
  (Session info: chrome=105.0.5195.102)
Build info: version: '4.4.0', revision: 'e5c75ed026a'
System info: host: 'HP', ip: '172.16.88.183', os.name: 'Windows 11', os.arch: 'amd64', os.version: '10.0', java.version: '18.0.2.1'
Driver info: org.openqa.selenium.chrome.ChromeDriver
Command: [2d5e74c43a248b8cdd713bb4b9070f9e, get {url=http://localhost:8080/prisijungti?logout}]
Capabilities {acceptInsecureCerts: false, browserName: chrome, browserVersion: 105.0.5195.102, chrome: {chromedriverVersion: 105.0.5195.52 (412c95e51883..., userDataDir: C:\Users\Olga\AppData\Local...}, goog:chromeOptions: {debuggerAddress: localhost:52939}, networkConnectionEnabled: false, pageLoadStrategy: normal, platformName: WINDOWS, proxy: Proxy(), se:cdp: ws://localhost:52939/devtoo..., se:cdpVersion: 105.0.5195.102, setWindowRect: true, strictFileInteractability: false, timeouts: {implicit: 0, pageLoad: 300000, script: 30000}, unhandledPromptBehavior: dismiss and notify, webauthn:extension:credBlob: true, webauthn:extension:largeBlob: true, webauthn:virtualAuthenticators: true}
Session ID: 2d5e74c43a248b8cdd713bb4b9070f9e
at java.base/jdk.internal.reflect.DirectConstructorHandleAccessor.newInstance(DirectConstructorHandleAccessor.java:67)
at java.base/java.lang.reflect.Constructor.newInstanceWithCaller(Constructor.java:499)
at java.base/java.lang.reflect.Constructor.newInstance(Constructor.java:483)
at org.openqa.selenium.remote.codec.w3c.W3CHttpResponseCodec.createException(W3CHttpResponseCodec.java:200)
at org.openqa.selenium.remote.codec.w3c.W3CHttpResponseCodec.decode(W3CHttpResponseCodec.java:133)
at org.openqa.selenium.remote.codec.w3c.W3CHttpResponseCodec.decode(W3CHttpResponseCodec.java:53)
at org.openqa.selenium.remote.HttpCommandExecutor.execute(HttpCommandExecutor.java:184)
at org.openqa.selenium.remote.service.DriverCommandExecutor.invokeExecute(DriverCommandExecutor.java:167)
at org.openqa.selenium.remote.service.DriverCommandExecutor.execute(DriverCommandExecutor.java:142)
at org.openqa.selenium.remote.RemoteWebDriver.execute(RemoteWebDriver.java:547)
at org.openqa.selenium.remote.RemoteWebDriver.get(RemoteWebDriver.java:310)
at org.openqa.selenium.remote.RemoteWebDriver$RemoteNavigation.to(RemoteWebDriver.java:1031)
at tests.testLogout.logout(testLogout.java:41)
at tests.testLogout.LogoutFromList(testLogout.java:81)
at java.base/jdk.internal.reflect.DirectMethodHandleAccessor.invoke(DirectMethodHandleAccessor.java:104)
at java.base/java.lang.reflect.Method.invoke(Method.java:577)
at org.testng.internal.invokers.MethodInvocationHelper.invokeMethod(MethodInvocationHelper.java:139)
at org.testng.internal.invokers.TestInvoker.invokeMethod(TestInvoker.java:677)
at org.testng.internal.invokers.TestInvoker.invokeTestMethod(TestInvoker.java:221)
at org.testng.internal.invokers.MethodRunner.runInSequence(MethodRunner.java:50)
at org.testng.internal.invokers.TestInvoker$MethodInvocationAgent.invoke(TestInvoker.java:962)
at org.testng.internal.invokers.TestInvoker.invokeTestMethods(TestInvoker.java:194)
at org.testng.internal.invokers.TestMethodWorker.invokeTestMethods(TestMethodWorker.java:148)
at org.testng.internal.invokers.TestMethodWorker.run(TestMethodWorker.java:128)
at java.base/java.util.ArrayList.forEach(ArrayList.java:1511)
at org.testng.TestRunner.privateRun(TestRunner.java:806)
at org.testng.TestRunner.run(TestRunner.java:601)
at org.testng.SuiteRunner.runTest(SuiteRunner.java:433)
at org.testng.SuiteRunner.runSequentially(SuiteRunner.java:427)
at org.testng.SuiteRunner.privateRun(SuiteRunner.java:387)
at org.testng.SuiteRunner.run(SuiteRunner.java:330)
at org.testng.SuiteRunnerWorker.runSuite(SuiteRunnerWorker.java:52)
at org.testng.SuiteRunnerWorker.run(SuiteRunnerWorker.java:95)
at org.testng.TestNG.runSuitesSequentially(TestNG.java:1256)
at org.testng.TestNG.runSuitesLocally(TestNG.java:1176)
at org.testng.TestNG.runSuites(TestNG.java:1099)
at org.testng.TestNG.run(TestNG.java:1067)
at org.apache.maven.surefire.testng.TestNGExecutor.run(TestNGExecutor.java:324)
at org.apache.maven.surefire.testng.TestNGXmlTestSuite.execute(TestNGXmlTestSuite.java:74)
at org.apache.maven.surefire.testng.TestNGProvider.invoke(TestNGProvider.java:123)
at org.apache.maven.surefire.booter.ForkedBooter.runSuitesInProcess(ForkedBooter.java:456)
at org.apache.maven.surefire.booter.ForkedBooter.execute(ForkedBooter.java:169)
at org.apache.maven.surefire.booter.ForkedBooter.run(ForkedBooter.java:595)
at org.apache.maven.surefire.booter.ForkedBooter.main(ForkedBooter.java:581)
]]>
            </full-stacktrace>
          </exception> <!-- org.openqa.selenium.WebDriverException -->
          <reporter-output>
          </reporter-output>
        </test-method> <!-- LogoutFromList -->
        <test-method signature="LogoutFromEdit()[pri:0, instance:tests.testLogout@294425a7]" started-at="2022-09-08T10:33:21 GMT+02:00" name="LogoutFromEdit" finished-at="2022-09-08T10:33:31 GMT+02:00" duration-ms="10422" status="FAIL">
          <exception class="org.openqa.selenium.WebDriverException">
            <message>
              <![CDATA[chrome not reachable
  (Session info: chrome=105.0.5195.102)
Build info: version: '4.4.0', revision: 'e5c75ed026a'
System info: host: 'HP', ip: '172.16.88.183', os.name: 'Windows 11', os.arch: 'amd64', os.version: '10.0', java.version: '18.0.2.1'
Driver info: org.openqa.selenium.chrome.ChromeDriver
Command: [2d5e74c43a248b8cdd713bb4b9070f9e, get {url=http://localhost:8080/prisijungti?logout}]
Capabilities {acceptInsecureCerts: false, browserName: chrome, browserVersion: 105.0.5195.102, chrome: {chromedriverVersion: 105.0.5195.52 (412c95e51883..., userDataDir: C:\Users\Olga\AppData\Local...}, goog:chromeOptions: {debuggerAddress: localhost:52939}, networkConnectionEnabled: false, pageLoadStrategy: normal, platformName: WINDOWS, proxy: Proxy(), se:cdp: ws://localhost:52939/devtoo..., se:cdpVersion: 105.0.5195.102, setWindowRect: true, strictFileInteractability: false, timeouts: {implicit: 0, pageLoad: 300000, script: 30000}, unhandledPromptBehavior: dismiss and notify, webauthn:extension:credBlob: true, webauthn:extension:largeBlob: true, webauthn:virtualAuthenticators: true}
Session ID: 2d5e74c43a248b8cdd713bb4b9070f9e]]>
            </message>
            <full-stacktrace>
              <![CDATA[org.openqa.selenium.WebDriverException: chrome not reachable
  (Session info: chrome=105.0.5195.102)
Build info: version: '4.4.0', revision: 'e5c75ed026a'
System info: host: 'HP', ip: '172.16.88.183', os.name: 'Windows 11', os.arch: 'amd64', os.version: '10.0', java.version: '18.0.2.1'
Driver info: org.openqa.selenium.chrome.ChromeDriver
Command: [2d5e74c43a248b8cdd713bb4b9070f9e, get {url=http://localhost:8080/prisijungti?logout}]
Capabilities {acceptInsecureCerts: false, browserName: chrome, browserVersion: 105.0.5195.102, chrome: {chromedriverVersion: 105.0.5195.52 (412c95e51883..., userDataDir: C:\Users\Olga\AppData\Local...}, goog:chromeOptions: {debuggerAddress: localhost:52939}, networkConnectionEnabled: false, pageLoadStrategy: normal, platformName: WINDOWS, proxy: Proxy(), se:cdp: ws://localhost:52939/devtoo..., se:cdpVersion: 105.0.5195.102, setWindowRect: true, strictFileInteractability: false, timeouts: {implicit: 0, pageLoad: 300000, script: 30000}, unhandledPromptBehavior: dismiss and notify, webauthn:extension:credBlob: true, webauthn:extension:largeBlob: true, webauthn:virtualAuthenticators: true}
Session ID: 2d5e74c43a248b8cdd713bb4b9070f9e
at java.base/jdk.internal.reflect.DirectConstructorHandleAccessor.newInstance(DirectConstructorHandleAccessor.java:67)
at java.base/java.lang.reflect.Constructor.newInstanceWithCaller(Constructor.java:499)
at java.base/java.lang.reflect.Constructor.newInstance(Constructor.java:483)
at org.openqa.selenium.remote.codec.w3c.W3CHttpResponseCodec.createException(W3CHttpResponseCodec.java:200)
at org.openqa.selenium.remote.codec.w3c.W3CHttpResponseCodec.decode(W3CHttpResponseCodec.java:133)
at org.openqa.selenium.remote.codec.w3c.W3CHttpResponseCodec.decode(W3CHttpResponseCodec.java:53)
at org.openqa.selenium.remote.HttpCommandExecutor.execute(HttpCommandExecutor.java:184)
at org.openqa.selenium.remote.service.DriverCommandExecutor.invokeExecute(DriverCommandExecutor.java:167)
at org.openqa.selenium.remote.service.DriverCommandExecutor.execute(DriverCommandExecutor.java:142)
at org.openqa.selenium.remote.RemoteWebDriver.execute(RemoteWebDriver.java:547)
at org.openqa.selenium.remote.RemoteWebDriver.get(RemoteWebDriver.java:310)
at org.openqa.selenium.remote.RemoteWebDriver$RemoteNavigation.to(RemoteWebDriver.java:1031)
at tests.testLogout.logout(testLogout.java:41)
at tests.testLogout.LogoutFromEdit(testLogout.java:86)
at java.base/jdk.internal.reflect.DirectMethodHandleAccessor.invoke(DirectMethodHandleAccessor.java:104)
at java.base/java.lang.reflect.Method.invoke(Method.java:577)
at org.testng.internal.invokers.MethodInvocationHelper.invokeMethod(MethodInvocationHelper.java:139)
at org.testng.internal.invokers.TestInvoker.invokeMethod(TestInvoker.java:677)
at org.testng.internal.invokers.TestInvoker.invokeTestMethod(TestInvoker.java:221)
at org.testng.internal.invokers.MethodRunner.runInSequence(MethodRunner.java:50)
at org.testng.internal.invokers.TestInvoker$MethodInvocationAgent.invoke(TestInvoker.java:962)
at org.testng.internal.invokers.TestInvoker.invokeTestMethods(TestInvoker.java:194)
at org.testng.internal.invokers.TestMethodWorker.invokeTestMethods(TestMethodWorker.java:148)
at org.testng.internal.invokers.TestMethodWorker.run(TestMethodWorker.java:128)
at java.base/java.util.ArrayList.forEach(ArrayList.java:1511)
at org.testng.TestRunner.privateRun(TestRunner.java:806)
at org.testng.TestRunner.run(TestRunner.java:601)
at org.testng.SuiteRunner.runTest(SuiteRunner.java:433)
at org.testng.SuiteRunner.runSequentially(SuiteRunner.java:427)
at org.testng.SuiteRunner.privateRun(SuiteRunner.java:387)
at org.testng.SuiteRunner.run(SuiteRunner.java:330)
at org.testng.SuiteRunnerWorker.runSuite(SuiteRunnerWorker.java:52)
at org.testng.SuiteRunnerWorker.run(SuiteRunnerWorker.java:95)
at org.testng.TestNG.runSuitesSequentially(TestNG.java:1256)
at org.testng.TestNG.runSuitesLocally(TestNG.java:1176)
at org.testng.TestNG.runSuites(TestNG.java:1099)
at org.testng.TestNG.run(TestNG.java:1067)
at org.apache.maven.surefire.testng.TestNGExecutor.run(TestNGExecutor.java:324)
at org.apache.maven.surefire.testng.TestNGXmlTestSuite.execute(TestNGXmlTestSuite.java:74)
at org.apache.maven.surefire.testng.TestNGProvider.invoke(TestNGProvider.java:123)
at org.apache.maven.surefire.booter.ForkedBooter.runSuitesInProcess(ForkedBooter.java:456)
at org.apache.maven.surefire.booter.ForkedBooter.execute(ForkedBooter.java:169)
at org.apache.maven.surefire.booter.ForkedBooter.run(ForkedBooter.java:595)
at org.apache.maven.surefire.booter.ForkedBooter.main(ForkedBooter.java:581)
]]>
            </full-stacktrace>
          </exception> <!-- org.openqa.selenium.WebDriverException -->
          <reporter-output>
          </reporter-output>
        </test-method> <!-- LogoutFromEdit -->
        <test-method signature="LogoutFromView()[pri:0, instance:tests.testLogout@294425a7]" started-at="2022-09-08T10:33:31 GMT+02:00" name="LogoutFromView" finished-at="2022-09-08T10:33:42 GMT+02:00" duration-ms="10474" status="FAIL">
          <exception class="org.openqa.selenium.WebDriverException">
            <message>
              <![CDATA[chrome not reachable
  (Session info: chrome=105.0.5195.102)
Build info: version: '4.4.0', revision: 'e5c75ed026a'
System info: host: 'HP', ip: '172.16.88.183', os.name: 'Windows 11', os.arch: 'amd64', os.version: '10.0', java.version: '18.0.2.1'
Driver info: org.openqa.selenium.chrome.ChromeDriver
Command: [2d5e74c43a248b8cdd713bb4b9070f9e, get {url=http://localhost:8080/prisijungti?logout}]
Capabilities {acceptInsecureCerts: false, browserName: chrome, browserVersion: 105.0.5195.102, chrome: {chromedriverVersion: 105.0.5195.52 (412c95e51883..., userDataDir: C:\Users\Olga\AppData\Local...}, goog:chromeOptions: {debuggerAddress: localhost:52939}, networkConnectionEnabled: false, pageLoadStrategy: normal, platformName: WINDOWS, proxy: Proxy(), se:cdp: ws://localhost:52939/devtoo..., se:cdpVersion: 105.0.5195.102, setWindowRect: true, strictFileInteractability: false, timeouts: {implicit: 0, pageLoad: 300000, script: 30000}, unhandledPromptBehavior: dismiss and notify, webauthn:extension:credBlob: true, webauthn:extension:largeBlob: true, webauthn:virtualAuthenticators: true}
Session ID: 2d5e74c43a248b8cdd713bb4b9070f9e]]>
            </message>
            <full-stacktrace>
              <![CDATA[org.openqa.selenium.WebDriverException: chrome not reachable
  (Session info: chrome=105.0.5195.102)
Build info: version: '4.4.0', revision: 'e5c75ed026a'
System info: host: 'HP', ip: '172.16.88.183', os.name: 'Windows 11', os.arch: 'amd64', os.version: '10.0', java.version: '18.0.2.1'
Driver info: org.openqa.selenium.chrome.ChromeDriver
Command: [2d5e74c43a248b8cdd713bb4b9070f9e, get {url=http://localhost:8080/prisijungti?logout}]
Capabilities {acceptInsecureCerts: false, browserName: chrome, browserVersion: 105.0.5195.102, chrome: {chromedriverVersion: 105.0.5195.52 (412c95e51883..., userDataDir: C:\Users\Olga\AppData\Local...}, goog:chromeOptions: {debuggerAddress: localhost:52939}, networkConnectionEnabled: false, pageLoadStrategy: normal, platformName: WINDOWS, proxy: Proxy(), se:cdp: ws://localhost:52939/devtoo..., se:cdpVersion: 105.0.5195.102, setWindowRect: true, strictFileInteractability: false, timeouts: {implicit: 0, pageLoad: 300000, script: 30000}, unhandledPromptBehavior: dismiss and notify, webauthn:extension:credBlob: true, webauthn:extension:largeBlob: true, webauthn:virtualAuthenticators: true}
Session ID: 2d5e74c43a248b8cdd713bb4b9070f9e
at java.base/jdk.internal.reflect.DirectConstructorHandleAccessor.newInstance(DirectConstructorHandleAccessor.java:67)
at java.base/java.lang.reflect.Constructor.newInstanceWithCaller(Constructor.java:499)
at java.base/java.lang.reflect.Constructor.newInstance(Constructor.java:483)
at org.openqa.selenium.remote.codec.w3c.W3CHttpResponseCodec.createException(W3CHttpResponseCodec.java:200)
at org.openqa.selenium.remote.codec.w3c.W3CHttpResponseCodec.decode(W3CHttpResponseCodec.java:133)
at org.openqa.selenium.remote.codec.w3c.W3CHttpResponseCodec.decode(W3CHttpResponseCodec.java:53)
at org.openqa.selenium.remote.HttpCommandExecutor.execute(HttpCommandExecutor.java:184)
at org.openqa.selenium.remote.service.DriverCommandExecutor.invokeExecute(DriverCommandExecutor.java:167)
at org.openqa.selenium.remote.service.DriverCommandExecutor.execute(DriverCommandExecutor.java:142)
at org.openqa.selenium.remote.RemoteWebDriver.execute(RemoteWebDriver.java:547)
at org.openqa.selenium.remote.RemoteWebDriver.get(RemoteWebDriver.java:310)
at org.openqa.selenium.remote.RemoteWebDriver$RemoteNavigation.to(RemoteWebDriver.java:1031)
at tests.testLogout.logout(testLogout.java:41)
at tests.testLogout.LogoutFromView(testLogout.java:91)
at java.base/jdk.internal.reflect.DirectMethodHandleAccessor.invoke(DirectMethodHandleAccessor.java:104)
at java.base/java.lang.reflect.Method.invoke(Method.java:577)
at org.testng.internal.invokers.MethodInvocationHelper.invokeMethod(MethodInvocationHelper.java:139)
at org.testng.internal.invokers.TestInvoker.invokeMethod(TestInvoker.java:677)
at org.testng.internal.invokers.TestInvoker.invokeTestMethod(TestInvoker.java:221)
at org.testng.internal.invokers.MethodRunner.runInSequence(MethodRunner.java:50)
at org.testng.internal.invokers.TestInvoker$MethodInvocationAgent.invoke(TestInvoker.java:962)
at org.testng.internal.invokers.TestInvoker.invokeTestMethods(TestInvoker.java:194)
at org.testng.internal.invokers.TestMethodWorker.invokeTestMethods(TestMethodWorker.java:148)
at org.testng.internal.invokers.TestMethodWorker.run(TestMethodWorker.java:128)
at java.base/java.util.ArrayList.forEach(ArrayList.java:1511)
at org.testng.TestRunner.privateRun(TestRunner.java:806)
at org.testng.TestRunner.run(TestRunner.java:601)
at org.testng.SuiteRunner.runTest(SuiteRunner.java:433)
at org.testng.SuiteRunner.runSequentially(SuiteRunner.java:427)
at org.testng.SuiteRunner.privateRun(SuiteRunner.java:387)
at org.testng.SuiteRunner.run(SuiteRunner.java:330)
at org.testng.SuiteRunnerWorker.runSuite(SuiteRunnerWorker.java:52)
at org.testng.SuiteRunnerWorker.run(SuiteRunnerWorker.java:95)
at org.testng.TestNG.runSuitesSequentially(TestNG.java:1256)
at org.testng.TestNG.runSuitesLocally(TestNG.java:1176)
at org.testng.TestNG.runSuites(TestNG.java:1099)
at org.testng.TestNG.run(TestNG.java:1067)
at org.apache.maven.surefire.testng.TestNGExecutor.run(TestNGExecutor.java:324)
at org.apache.maven.surefire.testng.TestNGXmlTestSuite.execute(TestNGXmlTestSuite.java:74)
at org.apache.maven.surefire.testng.TestNGProvider.invoke(TestNGProvider.java:123)
at org.apache.maven.surefire.booter.ForkedBooter.runSuitesInProcess(ForkedBooter.java:456)
at org.apache.maven.surefire.booter.ForkedBooter.execute(ForkedBooter.java:169)
at org.apache.maven.surefire.booter.ForkedBooter.run(ForkedBooter.java:595)
at org.apache.maven.surefire.booter.ForkedBooter.main(ForkedBooter.java:581)
]]>
            </full-stacktrace>
          </exception> <!-- org.openqa.selenium.WebDriverException -->
          <reporter-output>
          </reporter-output>
        </test-method> <!-- LogoutFromView -->
        <test-method is-config="true" signature="close()[pri:0, instance:tests.testLogout@294425a7]" started-at="2022-09-08T10:33:42 GMT+02:00" name="close" finished-at="2022-09-08T10:33:42 GMT+02:00" duration-ms="122" status="PASS">
          <reporter-output>
          </reporter-output>
        </test-method> <!-- close -->
      </class> <!-- tests.testLogout -->
      <class name="tests.testLogin">
        <test-method is-config="true" signature="setup()[pri:0, instance:tests.testLogin@6379eb]" started-at="2022-09-08T10:32:46 GMT+02:00" name="setup" finished-at="2022-09-08T10:32:49 GMT+02:00" duration-ms="3097" status="PASS">
          <reporter-output>
          </reporter-output>
        </test-method> <!-- setup -->
        <test-method signature="EmptyFields()[pri:0, instance:tests.testLogin@6379eb]" started-at="2022-09-08T10:32:52 GMT+02:00" name="EmptyFields" finished-at="2022-09-08T10:32:53 GMT+02:00" duration-ms="940" status="PASS">
          <reporter-output>
          </reporter-output>
        </test-method> <!-- EmptyFields -->
        <test-method signature="UserNameEmpty()[pri:0, instance:tests.testLogin@6379eb]" started-at="2022-09-08T10:32:53 GMT+02:00" name="UserNameEmpty" finished-at="2022-09-08T10:32:54 GMT+02:00" duration-ms="889" status="PASS">
          <reporter-output>
          </reporter-output>
        </test-method> <!-- UserNameEmpty -->
        <test-method signature="PasswordEmpty()[pri:0, instance:tests.testLogin@6379eb]" started-at="2022-09-08T10:32:54 GMT+02:00" name="PasswordEmpty" finished-at="2022-09-08T10:32:55 GMT+02:00" duration-ms="835" status="PASS">
          <reporter-output>
          </reporter-output>
        </test-method> <!-- PasswordEmpty -->
        <test-method signature="WrongPassword()[pri:0, instance:tests.testLogin@6379eb]" started-at="2022-09-08T10:32:55 GMT+02:00" name="WrongPassword" finished-at="2022-09-08T10:32:56 GMT+02:00" duration-ms="1002" status="PASS">
          <reporter-output>
          </reporter-output>
        </test-method> <!-- WrongPassword -->
        <test-method signature="UserNotExist()[pri:0, instance:tests.testLogin@6379eb]" started-at="2022-09-08T10:32:56 GMT+02:00" name="UserNotExist" finished-at="2022-09-08T10:32:57 GMT+02:00" duration-ms="1081" status="PASS">
          <reporter-output>
          </reporter-output>
        </test-method> <!-- UserNotExist -->
        <test-method signature="SqlInjection1()[pri:0, instance:tests.testLogin@6379eb]" started-at="2022-09-08T10:32:57 GMT+02:00" name="SqlInjection1" finished-at="2022-09-08T10:32:58 GMT+02:00" duration-ms="780" status="PASS">
          <reporter-output>
          </reporter-output>
        </test-method> <!-- SqlInjection1 -->
        <test-method signature="SqlInjection2()[pri:0, instance:tests.testLogin@6379eb]" started-at="2022-09-08T10:32:58 GMT+02:00" name="SqlInjection2" finished-at="2022-09-08T10:32:58 GMT+02:00" duration-ms="755" status="PASS">
          <reporter-output>
          </reporter-output>
        </test-method> <!-- SqlInjection2 -->
        <test-method signature="WrongFormat()[pri:0, instance:tests.testLogin@6379eb]" started-at="2022-09-08T10:32:58 GMT+02:00" name="WrongFormat" finished-at="2022-09-08T10:32:59 GMT+02:00" duration-ms="741" status="PASS">
          <reporter-output>
          </reporter-output>
        </test-method> <!-- WrongFormat -->
        <test-method signature="CorrectLogin()[pri:0, instance:tests.testLogin@6379eb]" started-at="2022-09-08T10:32:59 GMT+02:00" name="CorrectLogin" finished-at="2022-09-08T10:33:00 GMT+02:00" duration-ms="738" status="PASS">
          <reporter-output>
          </reporter-output>
        </test-method> <!-- CorrectLogin -->
        <test-method is-config="true" signature="close()[pri:0, instance:tests.testLogin@6379eb]" started-at="2022-09-08T10:33:42 GMT+02:00" name="close" finished-at="2022-09-08T10:33:42 GMT+02:00" duration-ms="120" status="PASS">
          <reporter-output>
          </reporter-output>
        </test-method> <!-- close -->
      </class> <!-- tests.testLogin -->
      <class name="tests.testRegister">
        <test-method is-config="true" signature="setup()[pri:0, instance:tests.testRegister@a514af7]" started-at="2022-09-08T10:32:50 GMT+02:00" name="setup" finished-at="2022-09-08T10:32:52 GMT+02:00" duration-ms="1660" status="PASS">
          <reporter-output>
          </reporter-output>
        </test-method> <!-- setup -->
        <test-method is-config="true" signature="close()[pri:0, instance:tests.testRegister@a514af7]" started-at="2022-09-08T10:33:42 GMT+02:00" name="close" finished-at="2022-09-08T10:33:42 GMT+02:00" duration-ms="122" status="PASS">
          <reporter-output>
          </reporter-output>
        </test-method> <!-- close -->
      </class> <!-- tests.testRegister -->
    </test> <!-- Test -->
  </suite> <!-- SmokeTests -->
</testng-results>
