<?xml version="1.0" encoding="UTF-8"?>
<testng-results ignored="5" total="20" passed="15" failed="0" skipped="0">
  <reporter-output>
  </reporter-output>
  <suite started-at="2022-09-08T13:05:39 GMT+02:00" name="SmokeTests" finished-at="2022-09-08T13:06:18 GMT+02:00" duration-ms="39373">
    <groups>
    </groups>
    <test started-at="2022-09-08T13:05:39 GMT+02:00" name="Test" finished-at="2022-09-08T13:06:18 GMT+02:00" duration-ms="39373">
      <class name="tests.testLogout">
        <test-method is-config="true" signature="setup()[pri:0, instance:tests.testLogout@7db12bb6]" started-at="2022-09-08T13:06:08 GMT+02:00" name="setup" finished-at="2022-09-08T13:06:09 GMT+02:00" duration-ms="952" status="PASS">
          <reporter-output>
          </reporter-output>
        </test-method> <!-- setup -->
        <test-method signature="LogoutFromMain()[pri:0, instance:tests.testLogout@7db12bb6]" started-at="2022-09-08T13:06:09 GMT+02:00" name="LogoutFromMain" finished-at="2022-09-08T13:06:10 GMT+02:00" duration-ms="1339" status="PASS">
          <reporter-output>
          </reporter-output>
        </test-method> <!-- LogoutFromMain -->
        <test-method is-config="true" signature="close()[pri:0, instance:tests.testLogout@7db12bb6]" started-at="2022-09-08T13:06:10 GMT+02:00" name="close" finished-at="2022-09-08T13:06:10 GMT+02:00" duration-ms="253" status="PASS">
          <reporter-output>
          </reporter-output>
        </test-method> <!-- close -->
        <test-method is-config="true" signature="setup()[pri:0, instance:tests.testLogout@7db12bb6]" started-at="2022-09-08T13:06:10 GMT+02:00" name="setup" finished-at="2022-09-08T13:06:11 GMT+02:00" duration-ms="859" status="PASS">
          <reporter-output>
          </reporter-output>
        </test-method> <!-- setup -->
        <test-method signature="LogoutFromList()[pri:0, instance:tests.testLogout@7db12bb6]" started-at="2022-09-08T13:06:11 GMT+02:00" name="LogoutFromList" finished-at="2022-09-08T13:06:13 GMT+02:00" duration-ms="1500" status="PASS">
          <reporter-output>
          </reporter-output>
        </test-method> <!-- LogoutFromList -->
        <test-method is-config="true" signature="close()[pri:0, instance:tests.testLogout@7db12bb6]" started-at="2022-09-08T13:06:13 GMT+02:00" name="close" finished-at="2022-09-08T13:06:13 GMT+02:00" duration-ms="292" status="PASS">
          <reporter-output>
          </reporter-output>
        </test-method> <!-- close -->
        <test-method is-config="true" signature="setup()[pri:0, instance:tests.testLogout@7db12bb6]" started-at="2022-09-08T13:06:13 GMT+02:00" name="setup" finished-at="2022-09-08T13:06:14 GMT+02:00" duration-ms="901" status="PASS">
          <reporter-output>
          </reporter-output>
        </test-method> <!-- setup -->
        <test-method signature="LogoutFromEdit()[pri:0, instance:tests.testLogout@7db12bb6]" started-at="2022-09-08T13:06:14 GMT+02:00" name="LogoutFromEdit" finished-at="2022-09-08T13:06:15 GMT+02:00" duration-ms="1406" status="PASS">
          <reporter-output>
          </reporter-output>
        </test-method> <!-- LogoutFromEdit -->
        <test-method is-config="true" signature="close()[pri:0, instance:tests.testLogout@7db12bb6]" started-at="2022-09-08T13:06:15 GMT+02:00" name="close" finished-at="2022-09-08T13:06:15 GMT+02:00" duration-ms="247" status="PASS">
          <reporter-output>
          </reporter-output>
        </test-method> <!-- close -->
        <test-method is-config="true" signature="setup()[pri:0, instance:tests.testLogout@7db12bb6]" started-at="2022-09-08T13:06:15 GMT+02:00" name="setup" finished-at="2022-09-08T13:06:16 GMT+02:00" duration-ms="864" status="PASS">
          <reporter-output>
          </reporter-output>
        </test-method> <!-- setup -->
        <test-method signature="LogoutFromView()[pri:0, instance:tests.testLogout@7db12bb6]" started-at="2022-09-08T13:06:16 GMT+02:00" name="LogoutFromView" finished-at="2022-09-08T13:06:18 GMT+02:00" duration-ms="1553" status="PASS">
          <reporter-output>
          </reporter-output>
        </test-method> <!-- LogoutFromView -->
        <test-method is-config="true" signature="close()[pri:0, instance:tests.testLogout@7db12bb6]" started-at="2022-09-08T13:06:18 GMT+02:00" name="close" finished-at="2022-09-08T13:06:18 GMT+02:00" duration-ms="243" status="PASS">
          <reporter-output>
          </reporter-output>
        </test-method> <!-- close -->
      </class> <!-- tests.testLogout -->
      <class name="tests.testLogin">
        <test-method is-config="true" signature="setup()[pri:0, instance:tests.testLogin@273e7444]" started-at="2022-09-08T13:05:51 GMT+02:00" name="setup" finished-at="2022-09-08T13:05:52 GMT+02:00" duration-ms="1454" status="PASS">
          <reporter-output>
          </reporter-output>
        </test-method> <!-- setup -->
        <test-method signature="EmptyFields()[pri:0, instance:tests.testLogin@273e7444]" started-at="2022-09-08T13:05:52 GMT+02:00" name="EmptyFields" finished-at="2022-09-08T13:05:53 GMT+02:00" duration-ms="587" status="PASS">
          <reporter-output>
          </reporter-output>
        </test-method> <!-- EmptyFields -->
        <test-method is-config="true" signature="close()[pri:0, instance:tests.testLogin@273e7444]" started-at="2022-09-08T13:05:53 GMT+02:00" name="close" finished-at="2022-09-08T13:05:53 GMT+02:00" duration-ms="355" status="PASS">
          <reporter-output>
          </reporter-output>
        </test-method> <!-- close -->
        <test-method is-config="true" signature="setup()[pri:0, instance:tests.testLogin@273e7444]" started-at="2022-09-08T13:05:53 GMT+02:00" name="setup" finished-at="2022-09-08T13:05:55 GMT+02:00" duration-ms="1531" status="PASS">
          <reporter-output>
          </reporter-output>
        </test-method> <!-- setup -->
        <test-method signature="UserNameEmpty()[pri:0, instance:tests.testLogin@273e7444]" started-at="2022-09-08T13:05:55 GMT+02:00" name="UserNameEmpty" finished-at="2022-09-08T13:05:55 GMT+02:00" duration-ms="651" status="PASS">
          <reporter-output>
          </reporter-output>
        </test-method> <!-- UserNameEmpty -->
        <test-method is-config="true" signature="close()[pri:0, instance:tests.testLogin@273e7444]" started-at="2022-09-08T13:05:55 GMT+02:00" name="close" finished-at="2022-09-08T13:05:56 GMT+02:00" duration-ms="275" status="PASS">
          <reporter-output>
          </reporter-output>
        </test-method> <!-- close -->
        <test-method is-config="true" signature="setup()[pri:0, instance:tests.testLogin@273e7444]" started-at="2022-09-08T13:05:56 GMT+02:00" name="setup" finished-at="2022-09-08T13:05:57 GMT+02:00" duration-ms="1488" status="PASS">
          <reporter-output>
          </reporter-output>
        </test-method> <!-- setup -->
        <test-method signature="PasswordEmpty()[pri:0, instance:tests.testLogin@273e7444]" started-at="2022-09-08T13:05:57 GMT+02:00" name="PasswordEmpty" finished-at="2022-09-08T13:05:58 GMT+02:00" duration-ms="675" status="PASS">
          <reporter-output>
          </reporter-output>
        </test-method> <!-- PasswordEmpty -->
        <test-method is-config="true" signature="close()[pri:0, instance:tests.testLogin@273e7444]" started-at="2022-09-08T13:05:58 GMT+02:00" name="close" finished-at="2022-09-08T13:05:58 GMT+02:00" duration-ms="252" status="PASS">
          <reporter-output>
          </reporter-output>
        </test-method> <!-- close -->
        <test-method is-config="true" signature="setup()[pri:0, instance:tests.testLogin@273e7444]" started-at="2022-09-08T13:05:58 GMT+02:00" name="setup" finished-at="2022-09-08T13:05:59 GMT+02:00" duration-ms="1382" status="PASS">
          <reporter-output>
          </reporter-output>
        </test-method> <!-- setup -->
        <test-method signature="WrongPassword()[pri:0, instance:tests.testLogin@273e7444]" started-at="2022-09-08T13:05:59 GMT+02:00" name="WrongPassword" finished-at="2022-09-08T13:06:00 GMT+02:00" duration-ms="674" status="PASS">
          <reporter-output>
          </reporter-output>
        </test-method> <!-- WrongPassword -->
        <test-method is-config="true" signature="close()[pri:0, instance:tests.testLogin@273e7444]" started-at="2022-09-08T13:06:00 GMT+02:00" name="close" finished-at="2022-09-08T13:06:00 GMT+02:00" duration-ms="250" status="PASS">
          <reporter-output>
          </reporter-output>
        </test-method> <!-- close -->
        <test-method is-config="true" signature="setup()[pri:0, instance:tests.testLogin@273e7444]" started-at="2022-09-08T13:06:00 GMT+02:00" name="setup" finished-at="2022-09-08T13:06:02 GMT+02:00" duration-ms="1469" status="PASS">
          <reporter-output>
          </reporter-output>
        </test-method> <!-- setup -->
        <test-method signature="UserNotExist()[pri:0, instance:tests.testLogin@273e7444]" started-at="2022-09-08T13:06:02 GMT+02:00" name="UserNotExist" finished-at="2022-09-08T13:06:03 GMT+02:00" duration-ms="756" status="PASS">
          <reporter-output>
          </reporter-output>
        </test-method> <!-- UserNotExist -->
        <test-method is-config="true" signature="close()[pri:0, instance:tests.testLogin@273e7444]" started-at="2022-09-08T13:06:03 GMT+02:00" name="close" finished-at="2022-09-08T13:06:03 GMT+02:00" duration-ms="217" status="PASS">
          <reporter-output>
          </reporter-output>
        </test-method> <!-- close -->
        <test-method is-config="true" signature="setup()[pri:0, instance:tests.testLogin@273e7444]" started-at="2022-09-08T13:06:03 GMT+02:00" name="setup" finished-at="2022-09-08T13:06:04 GMT+02:00" duration-ms="1441" status="PASS">
          <reporter-output>
          </reporter-output>
        </test-method> <!-- setup -->
        <test-method signature="WrongFormat()[pri:0, instance:tests.testLogin@273e7444]" started-at="2022-09-08T13:06:04 GMT+02:00" name="WrongFormat" finished-at="2022-09-08T13:06:05 GMT+02:00" duration-ms="657" status="PASS">
          <reporter-output>
          </reporter-output>
        </test-method> <!-- WrongFormat -->
        <test-method is-config="true" signature="close()[pri:0, instance:tests.testLogin@273e7444]" started-at="2022-09-08T13:06:05 GMT+02:00" name="close" finished-at="2022-09-08T13:06:05 GMT+02:00" duration-ms="274" status="PASS">
          <reporter-output>
          </reporter-output>
        </test-method> <!-- close -->
        <test-method is-config="true" signature="setup()[pri:0, instance:tests.testLogin@273e7444]" started-at="2022-09-08T13:06:05 GMT+02:00" name="setup" finished-at="2022-09-08T13:06:07 GMT+02:00" duration-ms="1545" status="PASS">
          <reporter-output>
          </reporter-output>
        </test-method> <!-- setup -->
        <test-method signature="CorrectLogin()[pri:0, instance:tests.testLogin@273e7444]" started-at="2022-09-08T13:06:07 GMT+02:00" name="CorrectLogin" finished-at="2022-09-08T13:06:07 GMT+02:00" duration-ms="690" status="PASS">
          <reporter-output>
          </reporter-output>
        </test-method> <!-- CorrectLogin -->
        <test-method is-config="true" signature="close()[pri:0, instance:tests.testLogin@273e7444]" started-at="2022-09-08T13:06:07 GMT+02:00" name="close" finished-at="2022-09-08T13:06:08 GMT+02:00" duration-ms="203" status="PASS">
          <reporter-output>
          </reporter-output>
        </test-method> <!-- close -->
      </class> <!-- tests.testLogin -->
      <class name="tests.testRegister">
        <test-method is-config="true" signature="setup()[pri:0, instance:tests.testRegister@485966cc]" started-at="2022-09-08T13:05:39 GMT+02:00" name="setup" finished-at="2022-09-08T13:05:42 GMT+02:00" duration-ms="3125" status="PASS">
          <reporter-output>
          </reporter-output>
        </test-method> <!-- setup -->
        <test-method signature="RegisterEmptyUser()[pri:0, instance:tests.testRegister@485966cc]" started-at="2022-09-08T13:05:42 GMT+02:00" name="RegisterEmptyUser" finished-at="2022-09-08T13:05:43 GMT+02:00" duration-ms="771" status="PASS">
          <reporter-output>
          </reporter-output>
        </test-method> <!-- RegisterEmptyUser -->
        <test-method is-config="true" signature="close()[pri:0, instance:tests.testRegister@485966cc]" started-at="2022-09-08T13:05:43 GMT+02:00" name="close" finished-at="2022-09-08T13:05:43 GMT+02:00" duration-ms="292" status="PASS">
          <reporter-output>
          </reporter-output>
        </test-method> <!-- close -->
        <test-method is-config="true" signature="setup()[pri:0, instance:tests.testRegister@485966cc]" started-at="2022-09-08T13:05:43 GMT+02:00" name="setup" finished-at="2022-09-08T13:05:44 GMT+02:00" duration-ms="1468" status="PASS">
          <reporter-output>
          </reporter-output>
        </test-method> <!-- setup -->
        <test-method signature="RegisterPassDifferent()[pri:0, instance:tests.testRegister@485966cc]" started-at="2022-09-08T13:05:44 GMT+02:00" name="RegisterPassDifferent" finished-at="2022-09-08T13:05:45 GMT+02:00" duration-ms="746" status="PASS">
          <reporter-output>
          </reporter-output>
        </test-method> <!-- RegisterPassDifferent -->
        <test-method is-config="true" signature="close()[pri:0, instance:tests.testRegister@485966cc]" started-at="2022-09-08T13:05:45 GMT+02:00" name="close" finished-at="2022-09-08T13:05:45 GMT+02:00" duration-ms="358" status="PASS">
          <reporter-output>
          </reporter-output>
        </test-method> <!-- close -->
        <test-method is-config="true" signature="setup()[pri:0, instance:tests.testRegister@485966cc]" started-at="2022-09-08T13:05:45 GMT+02:00" name="setup" finished-at="2022-09-08T13:05:47 GMT+02:00" duration-ms="1507" status="PASS">
          <reporter-output>
          </reporter-output>
        </test-method> <!-- setup -->
        <test-method signature="RegisterUserExist()[pri:0, instance:tests.testRegister@485966cc]" started-at="2022-09-08T13:05:47 GMT+02:00" name="RegisterUserExist" finished-at="2022-09-08T13:05:48 GMT+02:00" duration-ms="699" status="PASS">
          <reporter-output>
          </reporter-output>
        </test-method> <!-- RegisterUserExist -->
        <test-method is-config="true" signature="close()[pri:0, instance:tests.testRegister@485966cc]" started-at="2022-09-08T13:05:48 GMT+02:00" name="close" finished-at="2022-09-08T13:05:48 GMT+02:00" duration-ms="261" status="PASS">
          <reporter-output>
          </reporter-output>
        </test-method> <!-- close -->
        <test-method is-config="true" signature="setup()[pri:0, instance:tests.testRegister@485966cc]" started-at="2022-09-08T13:05:48 GMT+02:00" name="setup" finished-at="2022-09-08T13:05:49 GMT+02:00" duration-ms="1430" status="PASS">
          <reporter-output>
          </reporter-output>
        </test-method> <!-- setup -->
        <test-method signature="RegisterOk()[pri:0, instance:tests.testRegister@485966cc]" started-at="2022-09-08T13:05:49 GMT+02:00" name="RegisterOk" finished-at="2022-09-08T13:05:51 GMT+02:00" duration-ms="1127" status="PASS">
          <reporter-output>
          </reporter-output>
        </test-method> <!-- RegisterOk -->
        <test-method is-config="true" signature="close()[pri:0, instance:tests.testRegister@485966cc]" started-at="2022-09-08T13:05:51 GMT+02:00" name="close" finished-at="2022-09-08T13:05:51 GMT+02:00" duration-ms="256" status="PASS">
          <reporter-output>
          </reporter-output>
        </test-method> <!-- close -->
      </class> <!-- tests.testRegister -->
    </test> <!-- Test -->
  </suite> <!-- SmokeTests -->
</testng-results>
